<?xml version="1.0" encoding="utf-8"?><testsuites name="pytest tests"><testsuite name="pytest" errors="0" failures="0" skipped="0" tests="6" time="8.362" timestamp="2026-09-09T14:14:56.054958+00:00" hostname="agent-env-71cfaf23-df10-4bc2-9ff6-e47c3c1d38ff"><testcase classname="tests.backend_test" name="test_root" time="0.351" /><testcase classname="tests.backend_test" name="test_parse_voice" time="1.153" /><testcase classname="tests.backend_test" name="test_parse_receipt_text" time="1.103" /><testcase classname="tests.backend_test" name="test_parse_receipt_missing" time="0.076" /><testcase classname="tests.backend_test" name="test_margin_advice" time="3.127" /><testcase classname="tests.backend_test" name="test_reorder" time="1.968" /></testsuite></testsuites>